{"/Users/rodrolira/Desktop/programacion/web-atkl-records/client/src/api/artists.js": {"path":"/Users/rodrolira/Desktop/programacion/web-atkl-records/client/src/api/artists.js","statementMap":{"0":{"start":{"line":3,"column":33},"end":{"line":3,"column":60}},"1":{"start":{"line":3,"column":39},"end":{"line":3,"column":60}},"2":{"start":{"line":4,"column":32},"end":{"line":4,"column":67}},"3":{"start":{"line":4,"column":40},"end":{"line":4,"column":67}},"4":{"start":{"line":6,"column":33},"end":{"line":8,"column":1}},"5":{"start":{"line":7,"column":4},"end":{"line":7,"column":47}},"6":{"start":{"line":10,"column":35},"end":{"line":12,"column":1}},"7":{"start":{"line":11,"column":4},"end":{"line":11,"column":47}},"8":{"start":{"line":14,"column":35},"end":{"line":16,"column":1}},"9":{"start":{"line":15,"column":4},"end":{"line":15,"column":52}},"10":{"start":{"line":18,"column":35},"end":{"line":20,"column":1}},"11":{"start":{"line":19,"column":4},"end":{"line":19,"column":47}},"12":{"start":{"line":22,"column":31},"end":{"line":24,"column":1}},"13":{"start":{"line":23,"column":4},"end":{"line":23,"column":36}}},"fnMap":{"0":{"name":"(anonymous_0)","decl":{"start":{"line":3,"column":33},"end":{"line":3,"column":34}},"loc":{"start":{"line":3,"column":39},"end":{"line":3,"column":60}},"line":3},"1":{"name":"(anonymous_1)","decl":{"start":{"line":4,"column":32},"end":{"line":4,"column":33}},"loc":{"start":{"line":4,"column":40},"end":{"line":4,"column":67}},"line":4},"2":{"name":"(anonymous_2)","decl":{"start":{"line":6,"column":33},"end":{"line":6,"column":34}},"loc":{"start":{"line":6,"column":41},"end":{"line":8,"column":1}},"line":6},"3":{"name":"(anonymous_3)","decl":{"start":{"line":10,"column":35},"end":{"line":10,"column":36}},"loc":{"start":{"line":10,"column":53},"end":{"line":12,"column":1}},"line":10},"4":{"name":"(anonymous_4)","decl":{"start":{"line":14,"column":35},"end":{"line":14,"column":36}},"loc":{"start":{"line":14,"column":57},"end":{"line":16,"column":1}},"line":14},"5":{"name":"(anonymous_5)","decl":{"start":{"line":18,"column":35},"end":{"line":18,"column":36}},"loc":{"start":{"line":18,"column":49},"end":{"line":20,"column":1}},"line":18},"6":{"name":"(anonymous_6)","decl":{"start":{"line":22,"column":31},"end":{"line":22,"column":32}},"loc":{"start":{"line":22,"column":43},"end":{"line":24,"column":1}},"line":22}},"branchMap":{},"s":{"0":1,"1":0,"2":1,"3":0,"4":1,"5":0,"6":1,"7":0,"8":1,"9":0,"10":1,"11":0,"12":1,"13":4},"f":{"0":0,"1":0,"2":0,"3":0,"4":0,"5":0,"6":4},"b":{},"_coverageSchema":"1a1c01bbd47fc00a2c39e90264f33305004495a9","hash":"54e80e2a7a2fa2fe97d6b8fb56f2d7d24f541ee8"}
,"/Users/rodrolira/Desktop/programacion/web-atkl-records/client/src/api/axios.js": {"path":"/Users/rodrolira/Desktop/programacion/web-atkl-records/client/src/api/axios.js","statementMap":{"0":{"start":{"line":4,"column":17},"end":{"line":7,"column":2}}},"fnMap":{},"branchMap":{},"s":{"0":1},"f":{},"b":{},"_coverageSchema":"1a1c01bbd47fc00a2c39e90264f33305004495a9","hash":"b293e8f77f1beca4a0218fc8d9edc231ea9984ab"}
,"/Users/rodrolira/Desktop/programacion/web-atkl-records/client/src/components/atoms/Button.jsx": {"path":"/Users/rodrolira/Desktop/programacion/web-atkl-records/client/src/components/atoms/Button.jsx","statementMap":{"0":{"start":{"line":4,"column":15},"end":{"line":25,"column":1}},"1":{"start":{"line":5,"column":4},"end":{"line":24,"column":10}},"2":{"start":{"line":27,"column":0},"end":{"line":34,"column":1}}},"fnMap":{"0":{"name":"(anonymous_0)","decl":{"start":{"line":4,"column":15},"end":{"line":4,"column":16}},"loc":{"start":{"line":5,"column":4},"end":{"line":24,"column":10}},"line":5}},"branchMap":{"0":{"loc":{"start":{"line":6,"column":9},"end":{"line":23,"column":9}},"type":"cond-expr","locations":[{"start":{"line":8,"column":12},"end":{"line":14,"column":16}},{"start":{"line":17,"column":12},"end":{"line":22,"column":21}}],"line":6},"1":{"loc":{"start":{"line":13,"column":44},"end":{"line":13,"column":60}},"type":"binary-expr","locations":[{"start":{"line":13,"column":44},"end":{"line":13,"column":48}},{"start":{"line":13,"column":52},"end":{"line":13,"column":60}}],"line":13},"2":{"loc":{"start":{"line":21,"column":44},"end":{"line":21,"column":60}},"type":"binary-expr","locations":[{"start":{"line":21,"column":44},"end":{"line":21,"column":48}},{"start":{"line":21,"column":52},"end":{"line":21,"column":60}}],"line":21}},"s":{"0":1,"1":21,"2":1},"f":{"0":21},"b":{"0":[0,21],"1":[0,0],"2":[21,21]},"_coverageSchema":"1a1c01bbd47fc00a2c39e90264f33305004495a9","hash":"5034a13fb9a043e70fa7737a6c6506bd8b137f22"}
,"/Users/rodrolira/Desktop/programacion/web-atkl-records/client/src/components/molecules/FileUpload.jsx": {"path":"/Users/rodrolira/Desktop/programacion/web-atkl-records/client/src/components/molecules/FileUpload.jsx","statementMap":{"0":{"start":{"line":6,"column":19},"end":{"line":36,"column":1}},"1":{"start":{"line":7,"column":18},"end":{"line":7,"column":34}},"2":{"start":{"line":8,"column":35},"end":{"line":8,"column":52}},"3":{"start":{"line":9,"column":30},"end":{"line":9,"column":48}},"4":{"start":{"line":10,"column":31},"end":{"line":10,"column":35}},"5":{"start":{"line":11,"column":22},"end":{"line":11,"column":40}},"6":{"start":{"line":12,"column":20},"end":{"line":12,"column":37}},"7":{"start":{"line":14,"column":4},"end":{"line":35,"column":5}},"8":{"start":{"line":24,"column":20},"end":{"line":24,"column":72}}},"fnMap":{"0":{"name":"(anonymous_0)","decl":{"start":{"line":6,"column":19},"end":{"line":6,"column":20}},"loc":{"start":{"line":6,"column":25},"end":{"line":36,"column":1}},"line":6},"1":{"name":"(anonymous_1)","decl":{"start":{"line":23,"column":26},"end":{"line":23,"column":27}},"loc":{"start":{"line":23,"column":37},"end":{"line":25,"column":17}},"line":23}},"branchMap":{"0":{"loc":{"start":{"line":11,"column":22},"end":{"line":11,"column":40}},"type":"binary-expr","locations":[{"start":{"line":11,"column":22},"end":{"line":11,"column":29}},{"start":{"line":11,"column":33},"end":{"line":11,"column":40}}],"line":11},"1":{"loc":{"start":{"line":12,"column":20},"end":{"line":12,"column":37}},"type":"binary-expr","locations":[{"start":{"line":12,"column":20},"end":{"line":12,"column":27}},{"start":{"line":12,"column":31},"end":{"line":12,"column":37}}],"line":12},"2":{"loc":{"start":{"line":29,"column":13},"end":{"line":33,"column":13}},"type":"binary-expr","locations":[{"start":{"line":29,"column":13},"end":{"line":29,"column":22}},{"start":{"line":30,"column":16},"end":{"line":32,"column":39}}],"line":29}},"s":{"0":1,"1":12,"2":12,"3":12,"4":12,"5":12,"6":12,"7":12,"8":0},"f":{"0":12,"1":0},"b":{"0":[12,4],"1":[12,4],"2":[12,0]},"_coverageSchema":"1a1c01bbd47fc00a2c39e90264f33305004495a9","hash":"5e298d37186d11fbb5d780ab99d0fa189664ba3c"}
,"/Users/rodrolira/Desktop/programacion/web-atkl-records/client/src/components/pages/Artist/AddArtistForm.jsx": {"path":"/Users/rodrolira/Desktop/programacion/web-atkl-records/client/src/components/pages/Artist/AddArtistForm.jsx","statementMap":{"0":{"start":{"line":24,"column":22},"end":{"line":228,"column":1}},"1":{"start":{"line":25,"column":18},"end":{"line":25,"column":34}},"2":{"start":{"line":26,"column":28},"end":{"line":26,"column":43}},"3":{"start":{"line":27,"column":30},"end":{"line":27,"column":42}},"4":{"start":{"line":28,"column":30},"end":{"line":28,"column":44}},"5":{"start":{"line":29,"column":29},"end":{"line":29,"column":41}},"6":{"start":{"line":31,"column":22},"end":{"line":31,"column":41}},"7":{"start":{"line":31,"column":28},"end":{"line":31,"column":41}},"8":{"start":{"line":32,"column":23},"end":{"line":32,"column":43}},"9":{"start":{"line":32,"column":29},"end":{"line":32,"column":43}},"10":{"start":{"line":34,"column":21},"end":{"line":54,"column":5}},"11":{"start":{"line":35,"column":25},"end":{"line":35,"column":39}},"12":{"start":{"line":36,"column":8},"end":{"line":42,"column":10}},"13":{"start":{"line":37,"column":12},"end":{"line":41,"column":13}},"14":{"start":{"line":38,"column":16},"end":{"line":38,"column":59}},"15":{"start":{"line":40,"column":16},"end":{"line":40,"column":49}},"16":{"start":{"line":44,"column":8},"end":{"line":53,"column":9}},"17":{"start":{"line":45,"column":30},"end":{"line":45,"column":58}},"18":{"start":{"line":46,"column":12},"end":{"line":46,"column":40}},"19":{"start":{"line":47,"column":12},"end":{"line":47,"column":24}},"20":{"start":{"line":48,"column":12},"end":{"line":48,"column":53}},"21":{"start":{"line":50,"column":12},"end":{"line":50,"column":56}},"22":{"start":{"line":51,"column":12},"end":{"line":51,"column":42}},"23":{"start":{"line":52,"column":12},"end":{"line":52,"column":40}},"24":{"start":{"line":56,"column":4},"end":{"line":71,"column":10}},"25":{"start":{"line":57,"column":27},"end":{"line":68,"column":9}},"26":{"start":{"line":58,"column":12},"end":{"line":67,"column":13}},"27":{"start":{"line":59,"column":33},"end":{"line":59,"column":56}},"28":{"start":{"line":60,"column":16},"end":{"line":64,"column":17}},"29":{"start":{"line":61,"column":20},"end":{"line":61,"column":43}},"30":{"start":{"line":63,"column":20},"end":{"line":63,"column":74}},"31":{"start":{"line":66,"column":16},"end":{"line":66,"column":61}},"32":{"start":{"line":70,"column":8},"end":{"line":70,"column":20}},"33":{"start":{"line":73,"column":24},"end":{"line":87,"column":5}},"34":{"start":{"line":74,"column":8},"end":{"line":86,"column":16}},"35":{"start":{"line":76,"column":16},"end":{"line":84,"column":18}},"36":{"start":{"line":89,"column":4},"end":{"line":227,"column":5}},"37":{"start":{"line":162,"column":28},"end":{"line":221,"column":35}},"38":{"start":{"line":173,"column":48},"end":{"line":187,"column":57}},"39":{"start":{"line":177,"column":73},"end":{"line":177,"column":117}},"40":{"start":{"line":180,"column":79},"end":{"line":180,"column":99}},"41":{"start":{"line":183,"column":56},"end":{"line":185,"column":67}},"42":{"start":{"line":203,"column":44},"end":{"line":213,"column":52}},"43":{"start":{"line":205,"column":52},"end":{"line":211,"column":54}}},"fnMap":{"0":{"name":"(anonymous_0)","decl":{"start":{"line":24,"column":22},"end":{"line":24,"column":23}},"loc":{"start":{"line":24,"column":45},"end":{"line":228,"column":1}},"line":24},"1":{"name":"(anonymous_1)","decl":{"start":{"line":31,"column":22},"end":{"line":31,"column":23}},"loc":{"start":{"line":31,"column":28},"end":{"line":31,"column":41}},"line":31},"2":{"name":"(anonymous_2)","decl":{"start":{"line":32,"column":23},"end":{"line":32,"column":24}},"loc":{"start":{"line":32,"column":29},"end":{"line":32,"column":43}},"line":32},"3":{"name":"(anonymous_3)","decl":{"start":{"line":34,"column":21},"end":{"line":34,"column":22}},"loc":{"start":{"line":34,"column":48},"end":{"line":54,"column":5}},"line":34},"4":{"name":"(anonymous_4)","decl":{"start":{"line":36,"column":36},"end":{"line":36,"column":37}},"loc":{"start":{"line":36,"column":43},"end":{"line":42,"column":9}},"line":36},"5":{"name":"(anonymous_5)","decl":{"start":{"line":56,"column":14},"end":{"line":56,"column":15}},"loc":{"start":{"line":56,"column":20},"end":{"line":71,"column":5}},"line":56},"6":{"name":"(anonymous_6)","decl":{"start":{"line":57,"column":27},"end":{"line":57,"column":28}},"loc":{"start":{"line":57,"column":39},"end":{"line":68,"column":9}},"line":57},"7":{"name":"(anonymous_7)","decl":{"start":{"line":73,"column":24},"end":{"line":73,"column":25}},"loc":{"start":{"line":74,"column":8},"end":{"line":86,"column":16}},"line":74},"8":{"name":"(anonymous_8)","decl":{"start":{"line":75,"column":13},"end":{"line":75,"column":14}},"loc":{"start":{"line":76,"column":16},"end":{"line":84,"column":18}},"line":76},"9":{"name":"(anonymous_9)","decl":{"start":{"line":161,"column":25},"end":{"line":161,"column":26}},"loc":{"start":{"line":162,"column":28},"end":{"line":221,"column":35}},"line":162},"10":{"name":"(anonymous_10)","decl":{"start":{"line":172,"column":45},"end":{"line":172,"column":46}},"loc":{"start":{"line":173,"column":48},"end":{"line":187,"column":57}},"line":173},"11":{"name":"(anonymous_11)","decl":{"start":{"line":177,"column":62},"end":{"line":177,"column":63}},"loc":{"start":{"line":177,"column":73},"end":{"line":177,"column":117}},"line":177},"12":{"name":"(anonymous_12)","decl":{"start":{"line":180,"column":65},"end":{"line":180,"column":66}},"loc":{"start":{"line":180,"column":79},"end":{"line":180,"column":99}},"line":180},"13":{"name":"(anonymous_13)","decl":{"start":{"line":182,"column":63},"end":{"line":182,"column":64}},"loc":{"start":{"line":183,"column":56},"end":{"line":185,"column":67}},"line":183},"14":{"name":"(anonymous_14)","decl":{"start":{"line":202,"column":202},"end":{"line":202,"column":203}},"loc":{"start":{"line":203,"column":44},"end":{"line":213,"column":52}},"line":203},"15":{"name":"(anonymous_15)","decl":{"start":{"line":204,"column":49},"end":{"line":204,"column":50}},"loc":{"start":{"line":205,"column":52},"end":{"line":211,"column":54}},"line":205}},"branchMap":{"0":{"loc":{"start":{"line":37,"column":12},"end":{"line":41,"column":13}},"type":"if","locations":[{"start":{"line":37,"column":12},"end":{"line":41,"column":13}},{"start":{"line":39,"column":19},"end":{"line":41,"column":13}}],"line":37},"1":{"loc":{"start":{"line":48,"column":12},"end":{"line":48,"column":53}},"type":"binary-expr","locations":[{"start":{"line":48,"column":12},"end":{"line":48,"column":25}},{"start":{"line":48,"column":29},"end":{"line":48,"column":53}}],"line":48},"2":{"loc":{"start":{"line":60,"column":16},"end":{"line":64,"column":17}},"type":"if","locations":[{"start":{"line":60,"column":16},"end":{"line":64,"column":17}},{"start":{"line":62,"column":23},"end":{"line":64,"column":17}}],"line":60},"3":{"loc":{"start":{"line":60,"column":20},"end":{"line":60,"column":45}},"type":"binary-expr","locations":[{"start":{"line":60,"column":20},"end":{"line":60,"column":28}},{"start":{"line":60,"column":32},"end":{"line":60,"column":45}}],"line":60},"4":{"loc":{"start":{"line":73,"column":38},"end":{"line":73,"column":51}},"type":"default-arg","locations":[{"start":{"line":73,"column":45},"end":{"line":73,"column":51}}],"line":73},"5":{"loc":{"start":{"line":73,"column":53},"end":{"line":73,"column":72}},"type":"default-arg","locations":[{"start":{"line":73,"column":68},"end":{"line":73,"column":72}}],"line":73},"6":{"loc":{"start":{"line":82,"column":27},"end":{"line":82,"column":66}},"type":"binary-expr","locations":[{"start":{"line":82,"column":27},"end":{"line":82,"column":44}},{"start":{"line":82,"column":48},"end":{"line":82,"column":66}}],"line":82},"7":{"loc":{"start":{"line":83,"column":32},"end":{"line":83,"column":92}},"type":"binary-expr","locations":[{"start":{"line":83,"column":32},"end":{"line":83,"column":49}},{"start":{"line":83,"column":53},"end":{"line":83,"column":71}},{"start":{"line":83,"column":75},"end":{"line":83,"column":92}}],"line":83},"8":{"loc":{"start":{"line":179,"column":59},"end":{"line":179,"column":102}},"type":"binary-expr","locations":[{"start":{"line":179,"column":59},"end":{"line":179,"column":78}},{"start":{"line":179,"column":82},"end":{"line":179,"column":102}}],"line":179},"9":{"loc":{"start":{"line":209,"column":63},"end":{"line":209,"column":112}},"type":"binary-expr","locations":[{"start":{"line":209,"column":63},"end":{"line":209,"column":85}},{"start":{"line":209,"column":89},"end":{"line":209,"column":112}}],"line":209},"10":{"loc":{"start":{"line":210,"column":68},"end":{"line":210,"column":143}},"type":"binary-expr","locations":[{"start":{"line":210,"column":68},"end":{"line":210,"column":90}},{"start":{"line":210,"column":94},"end":{"line":210,"column":117}},{"start":{"line":210,"column":121},"end":{"line":210,"column":143}}],"line":210},"11":{"loc":{"start":{"line":216,"column":37},"end":{"line":216,"column":89}},"type":"binary-expr","locations":[{"start":{"line":216,"column":37},"end":{"line":216,"column":42}},{"start":{"line":216,"column":46},"end":{"line":216,"column":89}}],"line":216}},"s":{"0":1,"1":9,"2":9,"3":9,"4":9,"5":9,"6":9,"7":3,"8":9,"9":2,"10":9,"11":1,"12":1,"13":16,"14":1,"15":15,"16":1,"17":1,"18":1,"19":1,"20":1,"21":0,"22":0,"23":0,"24":9,"25":4,"26":4,"27":4,"28":0,"29":0,"30":0,"31":4,"32":4,"33":9,"34":48,"35":48,"36":9,"37":12,"38":12,"39":0,"40":0,"41":0,"42":108,"43":108},"f":{"0":9,"1":3,"2":2,"3":1,"4":16,"5":4,"6":4,"7":48,"8":48,"9":12,"10":12,"11":0,"12":0,"13":0,"14":108,"15":108},"b":{"0":[1,15],"1":[1,0],"2":[0,0],"3":[0,0],"4":[36],"5":[36],"6":[48,4],"7":[48,4,4],"8":[12,0],"9":[108,0],"10":[108,0,0],"11":[12,0]},"_coverageSchema":"1a1c01bbd47fc00a2c39e90264f33305004495a9","hash":"035dc917edecafdb54349a8c7f59994a8d1f3648"}
}
