TN:
SF:src/api/artists.js
FN:3,(anonymous_0)
FN:4,(anonymous_1)
FN:6,(anonymous_2)
FN:10,(anonymous_3)
FN:14,(anonymous_4)
FN:18,(anonymous_5)
FN:22,(anonymous_6)
FNF:7
FNH:1
FNDA:0,(anonymous_0)
FNDA:0,(anonymous_1)
FNDA:0,(anonymous_2)
FNDA:0,(anonymous_3)
FNDA:0,(anonymous_4)
FNDA:0,(anonymous_5)
FNDA:4,(anonymous_6)
DA:3,1
DA:4,1
DA:6,1
DA:7,0
DA:10,1
DA:11,0
DA:14,1
DA:15,0
DA:18,1
DA:19,0
DA:22,1
DA:23,4
LF:12
LH:8
BRF:0
BRH:0
end_of_record
TN:
SF:src/api/axios.js
FNF:0
FNH:0
DA:4,1
LF:1
LH:1
BRF:0
BRH:0
end_of_record
TN:
SF:src/components/atoms/Button.jsx
FN:4,(anonymous_0)
FNF:1
FNH:1
FNDA:21,(anonymous_0)
DA:4,1
DA:5,21
DA:27,1
LF:3
LH:3
BRDA:6,0,0,0
BRDA:6,0,1,21
BRDA:13,1,0,0
BRDA:13,1,1,0
BRDA:21,2,0,21
BRDA:21,2,1,21
BRF:6
BRH:3
end_of_record
TN:
SF:src/components/molecules/FileUpload.jsx
FN:6,(anonymous_0)
FN:23,(anonymous_1)
FNF:2
FNH:1
FNDA:12,(anonymous_0)
FNDA:0,(anonymous_1)
DA:6,1
DA:7,12
DA:8,12
DA:9,12
DA:10,12
DA:11,12
DA:12,12
DA:14,12
DA:24,0
LF:9
LH:8
BRDA:11,0,0,12
BRDA:11,0,1,4
BRDA:12,1,0,12
BRDA:12,1,1,4
BRDA:29,2,0,12
BRDA:29,2,1,0
BRF:6
BRH:5
end_of_record
TN:
SF:src/components/pages/Artist/AddArtistForm.jsx
FN:24,(anonymous_0)
FN:31,(anonymous_1)
FN:32,(anonymous_2)
FN:34,(anonymous_3)
FN:36,(anonymous_4)
FN:56,(anonymous_5)
FN:57,(anonymous_6)
FN:73,(anonymous_7)
FN:75,(anonymous_8)
FN:161,(anonymous_9)
FN:172,(anonymous_10)
FN:177,(anonymous_11)
FN:180,(anonymous_12)
FN:182,(anonymous_13)
FN:202,(anonymous_14)
FN:204,(anonymous_15)
FNF:16
FNH:13
FNDA:9,(anonymous_0)
FNDA:3,(anonymous_1)
FNDA:2,(anonymous_2)
FNDA:1,(anonymous_3)
FNDA:16,(anonymous_4)
FNDA:4,(anonymous_5)
FNDA:4,(anonymous_6)
FNDA:48,(anonymous_7)
FNDA:48,(anonymous_8)
FNDA:12,(anonymous_9)
FNDA:12,(anonymous_10)
FNDA:0,(anonymous_11)
FNDA:0,(anonymous_12)
FNDA:0,(anonymous_13)
FNDA:108,(anonymous_14)
FNDA:108,(anonymous_15)
DA:24,1
DA:25,9
DA:26,9
DA:27,9
DA:28,9
DA:29,9
DA:31,9
DA:32,9
DA:34,9
DA:35,1
DA:36,1
DA:37,16
DA:38,1
DA:40,15
DA:44,1
DA:45,1
DA:46,1
DA:47,1
DA:48,1
DA:50,0
DA:51,0
DA:52,0
DA:56,9
DA:57,4
DA:58,4
DA:59,4
DA:60,0
DA:61,0
DA:63,0
DA:66,4
DA:70,4
DA:73,9
DA:74,48
DA:76,48
DA:89,9
DA:162,12
DA:173,12
DA:177,0
DA:180,0
DA:183,0
DA:203,108
DA:205,108
LF:42
LH:33
BRDA:37,0,0,1
BRDA:37,0,1,15
BRDA:48,1,0,1
BRDA:48,1,1,0
BRDA:60,2,0,0
BRDA:60,2,1,0
BRDA:60,3,0,0
BRDA:60,3,1,0
BRDA:73,4,0,36
BRDA:73,5,0,36
BRDA:82,6,0,48
BRDA:82,6,1,4
BRDA:83,7,0,48
BRDA:83,7,1,4
BRDA:83,7,2,4
BRDA:179,8,0,12
BRDA:179,8,1,0
BRDA:209,9,0,108
BRDA:209,9,1,0
BRDA:210,10,0,108
BRDA:210,10,1,0
BRDA:210,10,2,0
BRDA:216,11,0,12
BRDA:216,11,1,0
BRF:24
BRH:14
end_of_record
